\BOOKMARK [1][-]{section.1}{\376\377\000G\000e\000n\000e\000r\000a\000l\000\040\000l\000i\000n\000e\000a\000r\000\040\000m\000i\000x\000e\000d\000\040\000m\000o\000d\000e\000l}{}% 1
\BOOKMARK [2][-]{subsection.1.1}{\376\377\000O\000u\000t\000c\000o\000m\000e\000\040\000m\000o\000d\000e\000l}{section.1}% 2
\BOOKMARK [2][-]{subsection.1.2}{\376\377\000M\000a\000r\000g\000i\000n\000a\000l\000\040\000d\000i\000s\000t\000r\000i\000b\000u\000t\000i\000o\000n}{section.1}% 3
\BOOKMARK [2][-]{subsection.1.3}{\376\377\000S\000i\000m\000p\000l\000i\000f\000i\000e\000d\000\040\000m\000o\000d\000e\000l\000\040\000\050\000r\000a\000n\000d\000o\000m\000\040\000s\000l\000o\000p\000e\000\040\000o\000n\000l\000y\000\051}{section.1}% 4
\BOOKMARK [1][-]{section.2}{\376\377\000V\000a\000r\000i\000a\000n\000c\000e\000\040\000o\000f\000\040\000t\000h\000e\000\040\000t\000r\000e\000a\000t\000m\000e\000n\000t\000\040\000e\000f\000f\000e\000c\000t\000\040\000w\000i\000t\000h\000\040\000i\000n\000t\000e\000r\000c\000e\000p\000t\000s}{}% 5
\BOOKMARK [1][-]{section.3}{\376\377\000C\000h\000a\000n\000g\000e\000-\000s\000c\000o\000r\000e\000\040\000p\000a\000r\000a\000m\000e\000t\000e\000r\000i\000z\000a\000t\000i\000o\000n}{}% 6
\BOOKMARK [1][-]{section.4}{\376\377\000N\000o\000r\000m\000a\000l\000i\000z\000e\000d\000\040\000t\000i\000m\000e\000\040\000a\000n\000d\000\040\000t\000h\000e\000\040\000a\000l\000g\000o\000r\000i\000t\000h\000m\000i\000c\000\040\000r\000e\000c\000i\000p\000e}{}% 7
\BOOKMARK [2][-]{subsection.4.1}{\376\377\000T\000i\000m\000e\000\040\000n\000o\000r\000m\000a\000l\000i\000z\000a\000t\000i\000o\000n}{section.4}% 8
\BOOKMARK [2][-]{subsection.4.2}{\376\377\000S\000e\000v\000e\000n\000-\000s\000t\000e\000p\000\040\000a\000l\000g\000o\000r\000i\000t\000h\000m}{section.4}% 9
\BOOKMARK [1][-]{section.5}{\376\377\000W\000o\000o\000d\000b\000u\000r\000y\000\040\000i\000d\000e\000n\000t\000i\000t\000y\000\040\000f\000o\000r\000\040\000t\000h\000e\000\040\000r\000a\000w\000-\000o\000u\000t\000c\000o\000m\000e\000\040\000m\000o\000d\000e\000l}{}% 10
\BOOKMARK [2][-]{subsection.5.1}{\376\377\000S\000e\000t\000u\000p}{section.5}% 11
\BOOKMARK [2][-]{subsection.5.2}{\376\377\000I\000n\000f\000o\000r\000m\000a\000t\000i\000o\000n\000\040\000m\000a\000t\000r\000i\000x}{section.5}% 12
\BOOKMARK [1][-]{section.6}{\376\377\000F\000r\000o\000s\000t\000\040\0003\000.\0001\000.\0001\000\040\000i\000n\000\040\000t\000h\000e\000\040\000c\000h\000a\000n\000g\000e\000-\000s\000c\000o\000r\000e\000\040\000p\000a\000r\000a\000m\000e\000t\000e\000r\000i\000z\000a\000t\000i\000o\000n}{}% 13
\BOOKMARK [2][-]{subsection.6.1}{\376\377\000D\000e\000s\000i\000g\000n\000\040\000m\000a\000t\000r\000i\000c\000e\000s}{section.6}% 14
\BOOKMARK [2][-]{subsection.6.2}{\376\377\000I\000n\000t\000e\000r\000m\000e\000d\000i\000a\000t\000e\000\040\000c\000o\000m\000p\000u\000t\000a\000t\000i\000o\000n\000s}{section.6}% 15
\BOOKMARK [2][-]{subsection.6.3}{\376\377\000W\000o\000o\000d\000b\000u\000r\000y\000\040\000c\000o\000r\000r\000e\000c\000t\000i\000o\000n}{section.6}% 16
\BOOKMARK [2][-]{subsection.6.4}{\376\377\000I\000n\000f\000o\000r\000m\000a\000t\000i\000o\000n\000\040\000m\000a\000t\000r\000i\000x\000\040\000a\000n\000d\000\040\000v\000a\000r\000i\000a\000n\000c\000e}{section.6}% 17
\BOOKMARK [1][-]{section.7}{\376\377\000A\000R\000\050\0001\000\051\000\040\000c\000o\000v\000a\000r\000i\000a\000n\000c\000e\000\040\000s\000u\000m\000s}{}% 18
\BOOKMARK [2][-]{subsection.7.1}{\376\377\000C\000l\000o\000s\000e\000d\000-\000f\000o\000r\000m\000\040\000d\000e\000r\000i\000v\000a\000t\000i\000o\000n}{section.7}% 19
\BOOKMARK [2][-]{subsection.7.2}{\376\377\000V\000e\000r\000i\000f\000i\000c\000a\000t\000i\000o\000n\000\040\000f\000o\000r\000\040\000s\000m\000a\000l\000l\000\040\000n}{section.7}% 20
\BOOKMARK [2][-]{subsection.7.3}{\376\377\000A\000l\000t\000e\000r\000n\000a\000t\000i\000v\000e\000\040\000f\000o\000r\000m}{section.7}% 21
\BOOKMARK [1][-]{section.8}{\376\377\000S\000t\000r\000a\000t\000i\000f\000i\000e\000d\000\040\000v\000a\000r\000i\000a\000n\000c\000e\000\040\000u\000n\000d\000e\000r\000\040\000u\000n\000e\000q\000u\000a\000l\000\040\000v\000i\000s\000i\000t\000\040\000p\000a\000t\000t\000e\000r\000n\000s}{}% 22
\BOOKMARK [1][-]{section.9}{\376\377\000A\000p\000p\000e\000n\000d\000i\000x\000:\000\040\000F\000r\000o\000s\000t\000\040\0003\000.\0001\000.\0001\000\040\000v\000i\000a\000\040\000d\000i\000r\000e\000c\000t\000\040\000i\000n\000v\000e\000r\000s\000i\000o\000n}{}% 23
